-rwxr-xr-x. 1 cacheusr cacheusr 1.4M Apr 26  2019 /u01/cachesys/bin/libcachebasic.so
-rwxr-xr-x. 1 cacheusr cacheusr 341K Apr 26  2019 /u01/cachesys/bin/libcachecc.so
-rwxr-xr-x. 1 cacheusr cacheusr 280K Apr 26  2019 /u01/cachesys/bin/libcachecom.so
-rwxr-xr-x. 1 cacheusr cacheusr 357K Apr 26  2019 /u01/cachesys/bin/libcachecss.so
-rwxr-xr-x. 1 root     root     362K Oct  2  2018 /u01/cachesys/bin/libcachedb.so
-rwxr-xr-x. 1 cacheusr cacheusr 415K Apr 26  2019 /u01/cachesys/bin/libcachehtml.so
-rwxr-xr-x. 1 cacheusr cacheusr  55K Oct  2  2018 /u01/cachesys/bin/libcachej.so
-rwxr-xr-x. 1 cacheusr cacheusr 2.1M Apr 26  2019 /u01/cachesys/bin/libcachemvbasic.so
-rwxr-xr-x. 1 cacheusr cacheusr 2.7M Apr 26  2019 /u01/cachesys/bin/libcacheobjectscript.so
-rwxr-xr-x. 1 root     root     459K Oct  2  2018 /u01/cachesys/bin/libcacheodbc35.so
-rwxr-xr-x. 1 root     root     473K Oct  2  2018 /u01/cachesys/bin/libcacheodbciw35.so
-rwxr-xr-x. 1 cacheusr cacheusr 442K Oct  2  2018 /u01/cachesys/bin/libcacheodbciw.so
-rwxr-xr-x. 1 root     root     432K Oct  2  2018 /u01/cachesys/bin/libcacheodbc.so
-rwxr-xr-x. 1 root     root     459K Oct  2  2018 /u01/cachesys/bin/libcacheodbcu35.so
-rwxr-xr-x. 1 root     root     459K Oct  2  2018 /u01/cachesys/bin/libcacheodbcur6435.so
-rwxr-xr-x. 1 root     root     432K Oct  2  2018 /u01/cachesys/bin/libcacheodbcur64.so
-rwxr-xr-x. 1 root     root     432K Oct  2  2018 /u01/cachesys/bin/libcacheodbcu.so
-rwxr-xr-x. 1 root     root     473K Oct  2  2018 /u01/cachesys/bin/libcacheodbcuw35.so
-rwxr-xr-x. 1 root     root     442K Oct  2  2018 /u01/cachesys/bin/libcacheodbcuw.so
-rwxr-xr-x. 1 cacheusr cacheusr 190K Apr 26  2019 /u01/cachesys/bin/libcachepm.so
-rwxr-xr-x. 1 cacheusr cacheusr 656K Apr 26  2019 /u01/cachesys/bin/libcachepp.so
-rwxr-xr-x. 1 cacheusr cacheusr 290K Apr 26  2019 /u01/cachesys/bin/libcachescanner.so
-rwxr-xr-x. 1 cacheusr cacheusr 6.9M Oct  2  2018 /u01/cachesys/bin/libcache.so
-rwxr-xr-x. 1 cacheusr cacheusr 2.1M Apr 26  2019 /u01/cachesys/bin/libcachesqlsyn.so
-rwxr-xr-x. 1 cacheusr cacheusr  10M Oct  2  2018 /u01/cachesys/bin/libcachet.so
-rwxr-xr-x. 1 cacheusr cacheusr 1.4M Apr 26  2019 /u01/cachesys/bin/libcacheudl.so
-rwxr-xr-x. 1 cacheusr cacheusr 484K Apr 26  2019 /u01/cachesys/bin/libcachexmlsyn.so
